#
# A fatal error has been detected by the Java Runtime Environment:
#
#  SIGSEGV (0xb) at pc=0x0000000109e32d20, pid=4548, tid=19203
#
# JRE version: Java(TM) SE Runtime Environment (8.0_40-b27) (build 1.8.0_40-b27)
# Java VM: Java HotSpot(TM) 64-Bit Server VM (25.40-b25 mixed mode bsd-amd64 compressed oops)
# Problematic frame:
# V  [libjvm.dylib+0x432d20]  Method::checked_resolve_jmethod_id(_jmethodID*)+0xe
#
# Failed to write core dump. Core dumps have been disabled. To enable core dumping, try "ulimit -c unlimited" before starting Java again
#
# If you would like to submit a bug report, please visit:
#   http://bugreport.java.com/bugreport/crash.jsp
#

---------------  T H R E A D  ---------------

Current thread (0x00007fae9100d800):  JavaThread "JDWP Transport Listener: dt_socket" daemon [_thread_in_vm, id=19203, stack(0x000070000fa22000,0x000070000fb22000)]

siginfo: si_signo: 11 (SIGSEGV), si_code: 1 (SEGV_MAPERR), si_addr: 0x0000000000000010

Registers:
RAX=0x0000000000000001, RBX=0x000070000fb21a8b, RCX=0x000000010a1fa190, RDX=0x000070000fb21a8b
RSP=0x000070000fb219d0, RBP=0x000070000fb219e0, RSI=0x00007fae9100d800, RDI=0x0000000000000010
R8 =0x0000000000000003, R9 =0x00007fae8cccac40, R10=0x0000000000000001, R11=0x0000000000000004
R12=0x00007fae9100d800, R13=0x0000000000000010, R14=0x0000000000000010, R15=0x00007fae8e0007c0
RIP=0x0000000109e32d20, EFLAGS=0x0000000000010202, ERR=0x0000000000000004
  TRAPNO=0x000000000000000e

Top of Stack: (sp=0x000070000fb219d0)
0x000070000fb219d0:   000070000fb21a8b 000070000fb21a8b
0x000070000fb219e0:   000070000fb21a40 0000000109d4311a
0x000070000fb219f0:   00007fae9100d800 0000000000000000
0x000070000fb21a00:   0000000000000000 0000000000000000
0x000070000fb21a10:   00007fae9100d800 00007fae9100d800
0x000070000fb21a20:   000070000fb21a8b 000070000fb21a90
0x000070000fb21a30:   0000000000000010 0000000000000002
0x000070000fb21a40:   000070000fb21a60 000000010a9be780
0x000070000fb21a50:   0000000000000001 000070000fb21b08
0x000070000fb21a60:   000070000fb21ad0 000000010a9a31f3
0x000070000fb21a70:   000070000fb21aa0 00007fae8cce68b0
0x000070000fb21a80:   0000000f00000032 0000000100b21b08
0x000070000fb21a90:   0000000000000000 0000000000000000
0x000070000fb21aa0:   0000000000000000 000070000fb21c90
0x000070000fb21ab0:   000000010a9c5e7a 00007fae8ccddc60
0x000070000fb21ac0:   000070000fb21b08 000000010a9d1598
0x000070000fb21ad0:   000070000fb21ae0 000000010a9a32ec
0x000070000fb21ae0:   000070000fb21d00 000000010a9ac898
0x000070000fb21af0:   0002406b00000013 00000000000f0200
0x000070000fb21b00:   00007fae8ccdde10 000070000fb21ba0
0x000070000fb21b10:   00007fae000000e4 000070000fb21b20
0x000070000fb21b20:   00007fae00000048 000070000fb21b58
0x000070000fb21b30:   0000000000000000 0000000000000000
0x000070000fb21b40:   0002406b0000001c 00007fae00005f80
0x000070000fb21b50:   000070000fb21b58 ae7f00000f000000
0x000070000fb21b60:   0800000050d0c48c 3e74696e696c633c
0x000070000fb21b70:   0056292803000000 0008000000000000
0x000070000fb21b80:   0048d0c48cae7f00 74696e693c060000
0x000070000fb21b90:   562928030000003e 0100000000000000
0x000070000fb21ba0:   5e01000025000000 3400000000000000
0x000070000fb21bb0:   0000000065010000 6f01000021000000
0x000070000fb21bc0:   2700000000000000 0000000071010000 

Instructions: (pc=0x0000000109e32d20)
0x0000000109e32d00:   40 48 48 85 c0 75 e0 30 c0 0f b6 c0 5d c3 31 c0
0x0000000109e32d10:   5d c3 55 48 89 e5 53 48 83 ec 08 48 85 ff 74 24
0x0000000109e32d20:   48 8b 1f 48 85 db 74 1c 48 83 fb 37 74 16 48 8b
0x0000000109e32d30:   03 48 89 df ff 50 10 84 c0 b8 00 00 00 00 48 0f 

Register to memory mapping:

RAX=0x0000000000000001 is an unknown value
RBX=0x000070000fb21a8b is pointing into the stack for thread: 0x00007fae9100d800
RCX=0x000000010a1fa190: UseMembar+0 in /Library/Java/JavaVirtualMachines/jdk1.8.0_40.jdk/Contents/Home/jre/lib/server/libjvm.dylib at 0x0000000109a00000
RDX=0x000070000fb21a8b is pointing into the stack for thread: 0x00007fae9100d800
RSP=0x000070000fb219d0 is pointing into the stack for thread: 0x00007fae9100d800
RBP=0x000070000fb219e0 is pointing into the stack for thread: 0x00007fae9100d800
RSI=0x00007fae9100d800 is a thread
RDI=0x0000000000000010 is an unknown value
R8 =0x0000000000000003 is an unknown value
R9 =0x00007fae8cccac40 is an unknown value
R10=0x0000000000000001 is an unknown value
R11=0x0000000000000004 is an unknown value
R12=0x00007fae9100d800 is a thread
R13=0x0000000000000010 is an unknown value
R14=0x0000000000000010 is an unknown value
R15=0x00007fae8e0007c0 is an unknown value


Stack: [0x000070000fa22000,0x000070000fb22000],  sp=0x000070000fb219d0,  free space=1022k
Native frames: (J=compiled Java code, j=interpreted, Vv=VM code, C=native code)
V  [libjvm.dylib+0x432d20]  Method::checked_resolve_jmethod_id(_jmethodID*)+0xe
V  [libjvm.dylib+0x34311a]  jvmti_IsMethodSynthetic+0xb2
C  [libjdwp.dylib+0x20780]  isMethodSynthetic+0x63
C  [libjdwp.dylib+0x51f3]  methods1+0x10b
C  [libjdwp.dylib+0x52ec]  methodsWithGeneric+0xe
C  [libjdwp.dylib+0xe898]  debugLoop_run+0x1ce
C  [libjdwp.dylib+0x1f6ba]  attachThread+0x4d
V  [libjvm.dylib+0x384060]  JvmtiAgentThread::call_start_function()+0x38
V  [libjvm.dylib+0x549acf]  JavaThread::thread_main_inner()+0x9b
V  [libjvm.dylib+0x54b1c0]  JavaThread::run()+0x1c2
V  [libjvm.dylib+0x46ea8e]  java_start(Thread*)+0xf6
C  [libsystem_pthread.dylib+0x393b]  _pthread_body+0xb4
C  [libsystem_pthread.dylib+0x3887]  _pthread_body+0x0
C  [libsystem_pthread.dylib+0x308d]  thread_start+0xd
C  0x0000000000000000


---------------  P R O C E S S  ---------------

Java Threads: ( => current thread )
  0x00007fae90a84000 JavaThread "logback-2" daemon [_thread_blocked, id=4359, stack(0x000070000eaef000,0x000070000ebef000)]
  0x00007fae90318800 JavaThread "nioEventLoopGroup-5-1" [_thread_in_native, id=26371, stack(0x000070001084c000,0x000070001094c000)]
  0x00007fae90b0c800 JavaThread "nioEventLoopGroup-3-1" [_thread_in_native, id=25859, stack(0x0000700010749000,0x0000700010849000)]
  0x00007fae8d979800 JavaThread "Abandoned connection cleanup thread" daemon [_thread_blocked, id=24839, stack(0x0000700010543000,0x0000700010643000)]
  0x00007fae8d04d800 JavaThread "nioEventLoopGroup-2-1" [_thread_in_native, id=25347, stack(0x0000700010646000,0x0000700010746000)]
  0x00007fae8d97f000 JavaThread "Thread-0" [_thread_blocked, id=24323, stack(0x0000700010440000,0x0000700010540000)]
  0x00007fae9089a000 JavaThread "logback-1" daemon [_thread_blocked, id=23811, stack(0x000070001033d000,0x000070001043d000)]
  0x00007fae8e84b800 JavaThread "Service Thread" daemon [_thread_blocked, id=22787, stack(0x0000700010137000,0x0000700010237000)]
  0x00007fae8f80e000 JavaThread "C1 CompilerThread3" daemon [_thread_blocked, id=22275, stack(0x0000700010034000,0x0000700010134000)]
  0x00007fae8e810800 JavaThread "C2 CompilerThread2" daemon [_thread_blocked, id=21763, stack(0x000070000ff31000,0x0000700010031000)]
  0x00007fae8e80f800 JavaThread "C2 CompilerThread1" daemon [_thread_blocked, id=21251, stack(0x000070000fe2e000,0x000070000ff2e000)]
  0x00007fae8d811000 JavaThread "C2 CompilerThread0" daemon [_thread_blocked, id=20739, stack(0x000070000fd2b000,0x000070000fe2b000)]
  0x00007fae9005f000 JavaThread "JDWP Command Reader" daemon [_thread_in_native, id=20227, stack(0x000070000fc28000,0x000070000fd28000)]
  0x00007fae9100e800 JavaThread "JDWP Event Helper Thread" daemon [_thread_blocked, id=19715, stack(0x000070000fb25000,0x000070000fc25000)]
=>0x00007fae9100d800 JavaThread "JDWP Transport Listener: dt_socket" daemon [_thread_in_vm, id=19203, stack(0x000070000fa22000,0x000070000fb22000)]
  0x00007fae8d806800 JavaThread "Signal Dispatcher" daemon [_thread_blocked, id=18691, stack(0x000070000f91f000,0x000070000fa1f000)]
  0x00007fae8d003800 JavaThread "Finalizer" daemon [_thread_blocked, id=14595, stack(0x000070000f799000,0x000070000f899000)]
  0x00007fae8d804800 JavaThread "Reference Handler" daemon [_thread_blocked, id=14083, stack(0x000070000f696000,0x000070000f796000)]
  0x00007fae8e806000 JavaThread "main" [_thread_blocked, id=7171, stack(0x000070000ec78000,0x000070000ed78000)]

Other Threads:
  0x00007fae8f806800 VMThread [stack: 0x000070000f593000,0x000070000f693000] [id=13571]
  0x00007fae8d019000 WatcherThread [stack: 0x000070001023a000,0x000070001033a000] [id=23299]

VM state:not at safepoint (normal execution)

VM Mutex/Monitor currently owned by a thread: None

Heap:
 PSYoungGen      total 76288K, used 10292K [0x000000076ab00000, 0x0000000770000000, 0x00000007c0000000)
  eden space 65536K, 15% used [0x000000076ab00000,0x000000076b50d370,0x000000076eb00000)
  from space 10752K, 0% used [0x000000076f580000,0x000000076f580000,0x0000000770000000)
  to   space 10752K, 0% used [0x000000076eb00000,0x000000076eb00000,0x000000076f580000)
 ParOldGen       total 113664K, used 8946K [0x00000006c0000000, 0x00000006c6f00000, 0x000000076ab00000)
  object space 113664K, 7% used [0x00000006c0000000,0x00000006c08bcbd0,0x00000006c6f00000)
 Metaspace       used 22038K, capacity 22230K, committed 22448K, reserved 1069056K
  class space    used 2615K, capacity 2700K, committed 2816K, reserved 1048576K

Card table byte_map: [0x000000010ada9000,0x000000010b5aa000] byte_map_base: 0x00000001077a9000

Marking Bits: (ParMarkBitMap*) 0x000000010a2c27a0
 Begin Bits: [0x0000000121424000, 0x0000000125424000)
 End Bits:   [0x0000000125424000, 0x0000000129424000)

Polling page: 0x00000001089e9000

CodeCache: size=245760Kb used=5871Kb max_used=5879Kb free=239888Kb
 bounds [0x0000000112424000, 0x00000001129f4000, 0x0000000121424000]
 total_blobs=2007 nmethods=1374 adapters=555
 compilation: enabled

Compilation events (10 events):
Event: 240.616 Thread 0x00007fae8d811000 1370   !   4       java.lang.ref.ReferenceQueue::remove (125 bytes)
Event: 240.623 Thread 0x00007fae8d811000 nmethod 1370 0x00000001129e48d0 code [0x00000001129e4a60, 0x00000001129e5328]
Event: 240.659 Thread 0x00007fae8f80e000 1371       3       java.lang.StringBuilder::append (9 bytes)
Event: 240.660 Thread 0x00007fae8f80e000 nmethod 1371 0x00000001129e41d0 code [0x00000001129e4360, 0x00000001129e4758]
Event: 301.207 Thread 0x00007fae8e810800 1372       4       io.netty.util.internal.shaded.org.jctools.queues.BaseMpscLinkedArrayQueue::isEmpty (18 bytes)
Event: 301.207 Thread 0x00007fae8e810800 nmethod 1372 0x00000001129c59d0 code [0x00000001129c5b20, 0x00000001129c5bb8]
Event: 360.703 Thread 0x00007fae8f80e000 1373       3       java.nio.ByteBuffer::array (35 bytes)
Event: 360.703 Thread 0x00007fae8f80e000 nmethod 1373 0x00000001129e3b50 code [0x00000001129e3d00, 0x00000001129e4058]
Event: 400.710 Thread 0x00007fae8f80e000 1374       3       java.nio.charset.CoderResult::isUnderflow (13 bytes)
Event: 400.710 Thread 0x00007fae8f80e000 nmethod 1374 0x00000001129e37d0 code [0x00000001129e3940, 0x00000001129e3af0]

GC Heap History (6 events):
Event: 0.929 GC heap before
{Heap before GC invocations=1 (full 0):
 PSYoungGen      total 76288K, used 65536K [0x000000076ab00000, 0x0000000770000000, 0x00000007c0000000)
  eden space 65536K, 100% used [0x000000076ab00000,0x000000076eb00000,0x000000076eb00000)
  from space 10752K, 0% used [0x000000076f580000,0x000000076f580000,0x0000000770000000)
  to   space 10752K, 0% used [0x000000076eb00000,0x000000076eb00000,0x000000076f580000)
 ParOldGen       total 175104K, used 0K [0x00000006c0000000, 0x00000006cab00000, 0x000000076ab00000)
  object space 175104K, 0% used [0x00000006c0000000,0x00000006c0000000,0x00000006cab00000)
 Metaspace       used 14313K, capacity 14398K, committed 14720K, reserved 1062912K
  class space    used 1771K, capacity 1817K, committed 1920K, reserved 1048576K
Event: 0.936 GC heap after
Heap after GC invocations=1 (full 0):
 PSYoungGen      total 76288K, used 7664K [0x000000076ab00000, 0x0000000770000000, 0x00000007c0000000)
  eden space 65536K, 0% used [0x000000076ab00000,0x000000076ab00000,0x000000076eb00000)
  from space 10752K, 71% used [0x000000076eb00000,0x000000076f27c048,0x000000076f580000)
  to   space 10752K, 0% used [0x000000076f580000,0x000000076f580000,0x0000000770000000)
 ParOldGen       total 175104K, used 72K [0x00000006c0000000, 0x00000006cab00000, 0x000000076ab00000)
  object space 175104K, 0% used [0x00000006c0000000,0x00000006c0012010,0x00000006cab00000)
 Metaspace       used 14313K, capacity 14398K, committed 14720K, reserved 1062912K
  class space    used 1771K, capacity 1817K, committed 1920K, reserved 1048576K
}
Event: 3.721 GC heap before
{Heap before GC invocations=2 (full 0):
 PSYoungGen      total 76288K, used 41907K [0x000000076ab00000, 0x0000000770000000, 0x00000007c0000000)
  eden space 65536K, 52% used [0x000000076ab00000,0x000000076cc70db8,0x000000076eb00000)
  from space 10752K, 71% used [0x000000076eb00000,0x000000076f27c048,0x000000076f580000)
  to   space 10752K, 0% used [0x000000076f580000,0x000000076f580000,0x0000000770000000)
 ParOldGen       total 175104K, used 72K [0x00000006c0000000, 0x00000006cab00000, 0x000000076ab00000)
  object space 175104K, 0% used [0x00000006c0000000,0x00000006c0012010,0x00000006cab00000)
 Metaspace       used 20954K, capacity 21112K, committed 21296K, reserved 1069056K
  class space    used 2560K, capacity 2626K, committed 2688K, reserved 1048576K
Event: 3.730 GC heap after
Heap after GC invocations=2 (full 0):
 PSYoungGen      total 76288K, used 9322K [0x000000076ab00000, 0x0000000770000000, 0x00000007c0000000)
  eden space 65536K, 0% used [0x000000076ab00000,0x000000076ab00000,0x000000076eb00000)
  from space 10752K, 86% used [0x000000076f580000,0x000000076fe9a998,0x0000000770000000)
  to   space 10752K, 0% used [0x000000076eb00000,0x000000076eb00000,0x000000076f580000)
 ParOldGen       total 175104K, used 80K [0x00000006c0000000, 0x00000006cab00000, 0x000000076ab00000)
  object space 175104K, 0% used [0x00000006c0000000,0x00000006c0014010,0x00000006cab00000)
 Metaspace       used 20954K, capacity 21112K, committed 21296K, reserved 1069056K
  class space    used 2560K, capacity 2626K, committed 2688K, reserved 1048576K
}
Event: 3.730 GC heap before
{Heap before GC invocations=3 (full 1):
 PSYoungGen      total 76288K, used 9322K [0x000000076ab00000, 0x0000000770000000, 0x00000007c0000000)
  eden space 65536K, 0% used [0x000000076ab00000,0x000000076ab00000,0x000000076eb00000)
  from space 10752K, 86% used [0x000000076f580000,0x000000076fe9a998,0x0000000770000000)
  to   space 10752K, 0% used [0x000000076eb00000,0x000000076eb00000,0x000000076f580000)
 ParOldGen       total 175104K, used 80K [0x00000006c0000000, 0x00000006cab00000, 0x000000076ab00000)
  object space 175104K, 0% used [0x00000006c0000000,0x00000006c0014010,0x00000006cab00000)
 Metaspace       used 20954K, capacity 21112K, committed 21296K, reserved 1069056K
  class space    used 2560K, capacity 2626K, committed 2688K, reserved 1048576K
Event: 3.757 GC heap after
Heap after GC invocations=3 (full 1):
 PSYoungGen      total 76288K, used 0K [0x000000076ab00000, 0x0000000770000000, 0x00000007c0000000)
  eden space 65536K, 0% used [0x000000076ab00000,0x000000076ab00000,0x000000076eb00000)
  from space 10752K, 0% used [0x000000076f580000,0x000000076f580000,0x0000000770000000)
  to   space 10752K, 0% used [0x000000076eb00000,0x000000076eb00000,0x000000076f580000)
 ParOldGen       total 113664K, used 8946K [0x00000006c0000000, 0x00000006c6f00000, 0x000000076ab00000)
  object space 113664K, 7% used [0x00000006c0000000,0x00000006c08bcbd0,0x00000006c6f00000)
 Metaspace       used 20954K, capacity 21112K, committed 21296K, reserved 1069056K
  class space    used 2560K, capacity 2626K, committed 2688K, reserved 1048576K
}

Deoptimization events (10 events):
Event: 3.764 Thread 0x00007fae90318800 Uncommon trap: reason=range_check action=none pc=0x00000001128724ac method=sun.reflect.generics.parser.SignatureParser.current()C @ 34
Event: 3.764 Thread 0x00007fae90318800 Uncommon trap: reason=range_check action=none pc=0x00000001128724ac method=sun.reflect.generics.parser.SignatureParser.current()C @ 34
Event: 3.764 Thread 0x00007fae90318800 Uncommon trap: reason=range_check action=none pc=0x00000001128724ac method=sun.reflect.generics.parser.SignatureParser.current()C @ 34
Event: 3.764 Thread 0x00007fae90318800 Uncommon trap: reason=range_check action=none pc=0x00000001128724ac method=sun.reflect.generics.parser.SignatureParser.current()C @ 34
Event: 3.764 Thread 0x00007fae90318800 Uncommon trap: reason=range_check action=none pc=0x00000001128724ac method=sun.reflect.generics.parser.SignatureParser.current()C @ 34
Event: 3.764 Thread 0x00007fae90318800 Uncommon trap: reason=range_check action=none pc=0x00000001128724ac method=sun.reflect.generics.parser.SignatureParser.current()C @ 34
Event: 3.764 Thread 0x00007fae90318800 Uncommon trap: reason=range_check action=none pc=0x00000001128724ac method=sun.reflect.generics.parser.SignatureParser.current()C @ 34
Event: 3.764 Thread 0x00007fae90318800 Uncommon trap: reason=range_check action=none pc=0x00000001128724ac method=sun.reflect.generics.parser.SignatureParser.current()C @ 34
Event: 3.764 Thread 0x00007fae90318800 Uncommon trap: reason=range_check action=none pc=0x00000001128724ac method=sun.reflect.generics.parser.SignatureParser.current()C @ 34
Event: 3.843 Thread 0x00007fae90318800 Uncommon trap: reason=range_check action=none pc=0x00000001128724ac method=sun.reflect.generics.parser.SignatureParser.current()C @ 34

Internal exceptions (10 events):
Event: 3.764 Thread 0x00007fae90318800 Exception <a 'java/lang/ArrayIndexOutOfBoundsException': 52> (0x000000076ab48c78) thrown at [/Users/java_re/workspace/8-2-build-macosx-x86_64/jdk8u40/3153/hotspot/src/share/vm/interpreter/interpreterRuntime.cpp, line 366]
Event: 3.824 Thread 0x00007fae90318800 Exception <a 'java/lang/ClassNotFoundException': com/jeancoder/core/http/JCCookieBeanInfo> (0x000000076af62340) thrown at [/Users/java_re/workspace/8-2-build-macosx-x86_64/jdk8u40/3153/hotspot/src/share/vm/classfile/systemDictionary.cpp, line 210]
Event: 3.824 Thread 0x00007fae90318800 Exception <a 'java/lang/ClassNotFoundException': com/jeancoder/core/http/JCCookieCustomizer> (0x000000076af75480) thrown at [/Users/java_re/workspace/8-2-build-macosx-x86_64/jdk8u40/3153/hotspot/src/share/vm/classfile/systemDictionary.cpp, line 210]
Event: 3.830 Thread 0x00007fae90318800 Exception <a 'java/lang/ClassNotFoundException': com/jeancoder/core/http/JCResponseBeanInfo> (0x000000076affda00) thrown at [/Users/java_re/workspace/8-2-build-macosx-x86_64/jdk8u40/3153/hotspot/src/share/vm/classfile/systemDictionary.cpp, line 210]
Event: 3.830 Thread 0x00007fae90318800 Exception <a 'java/lang/ClassNotFoundException': com/jeancoder/core/http/JCResponseCustomizer> (0x000000076b0117a8) thrown at [/Users/java_re/workspace/8-2-build-macosx-x86_64/jdk8u40/3153/hotspot/src/share/vm/classfile/systemDictionary.cpp, line 210]
Event: 3.840 Thread 0x00007fae90318800 Exception <a 'java/lang/ClassNotFoundException': groovy/lang/GroovyObjectBeanInfo> (0x000000076b0f2c80) thrown at [/Users/java_re/workspace/8-2-build-macosx-x86_64/jdk8u40/3153/hotspot/src/share/vm/classfile/systemDictionary.cpp, line 210]
Event: 3.840 Thread 0x00007fae90318800 Exception <a 'java/lang/ClassNotFoundException': groovy/lang/GroovyObjectCustomizer> (0x000000076b104648) thrown at [/Users/java_re/workspace/8-2-build-macosx-x86_64/jdk8u40/3153/hotspot/src/share/vm/classfile/systemDictionary.cpp, line 210]
Event: 3.843 Thread 0x00007fae90318800 Exception <a 'java/lang/ClassNotFoundException': com/jeancoder/core/result/ResultBeanInfo> (0x000000076b137e10) thrown at [/Users/java_re/workspace/8-2-build-macosx-x86_64/jdk8u40/3153/hotspot/src/share/vm/classfile/systemDictionary.cpp, line 210]
Event: 3.843 Thread 0x00007fae90318800 Exception <a 'java/lang/ClassNotFoundException': com/jeancoder/core/result/ResultCustomizer> (0x000000076b14af90) thrown at [/Users/java_re/workspace/8-2-build-macosx-x86_64/jdk8u40/3153/hotspot/src/share/vm/classfile/systemDictionary.cpp, line 210]
Event: 3.843 Thread 0x00007fae90318800 Exception <a 'java/lang/ArrayIndexOutOfBoundsException': 55> (0x000000076b150578) thrown at [/Users/java_re/workspace/8-2-build-macosx-x86_64/jdk8u40/3153/hotspot/src/share/vm/interpreter/interpreterRuntime.cpp, line 366]

Events (10 events):
Event: 6.029 Thread 0x00007fae90318800 DEOPT UNPACKING pc=0x000000011246b633 sp=0x0000700010948870 mode 1
Event: 6.029 Executing VM operation: RevokeBias
Event: 6.029 Executing VM operation: RevokeBias done
Event: 6.029 Thread 0x00007fae90318800 DEOPT PACKING pc=0x00000001125e24b4 sp=0x0000700010948bc0
Event: 6.029 Thread 0x00007fae90318800 DEOPT UNPACKING pc=0x000000011246b633 sp=0x0000700010948a00 mode 1
Event: 34.586 Executing VM operation: RedefineClasses
Event: 34.593 Executing VM operation: RedefineClasses done
Event: 60.346 Thread 0x00007fae90a84000 Thread added: 0x00007fae90a84000
Event: 424.106 Executing VM operation: RedefineClasses
Event: 424.116 Executing VM operation: RedefineClasses done


Dynamic libraries:
0x000000003e79f000 	/System/Library/Frameworks/Cocoa.framework/Versions/A/Cocoa
0x000000003e79f000 	/System/Library/Frameworks/Security.framework/Versions/A/Security
0x000000003e79f000 	/System/Library/Frameworks/ApplicationServices.framework/Versions/A/ApplicationServices
0x000000003e79f000 	/usr/lib/libz.1.dylib
0x000000003e79f000 	/usr/lib/libSystem.B.dylib
0x000000003e79f000 	/usr/lib/libobjc.A.dylib
0x000000003e79f000 	/System/Library/Frameworks/CoreFoundation.framework/Versions/A/CoreFoundation
0x000000003e79f000 	/System/Library/Frameworks/Foundation.framework/Versions/C/Foundation
0x000000003e79f000 	/System/Library/Frameworks/AppKit.framework/Versions/C/AppKit
0x000000003e79f000 	/System/Library/Frameworks/CoreData.framework/Versions/A/CoreData
0x000000003e79f000 	/System/Library/PrivateFrameworks/RemoteViewServices.framework/Versions/A/RemoteViewServices
0x000000003e79f000 	/System/Library/PrivateFrameworks/UIFoundation.framework/Versions/A/UIFoundation
0x000000003e79f000 	/System/Library/PrivateFrameworks/DFRFoundation.framework/Versions/A/DFRFoundation
0x000000003e79f000 	/usr/lib/libenergytrace.dylib
0x000000003e79f000 	/System/Library/PrivateFrameworks/SkyLight.framework/Versions/A/SkyLight
0x000000003e79f000 	/System/Library/Frameworks/CoreGraphics.framework/Versions/A/CoreGraphics
0x000000003e79f000 	/usr/lib/libScreenReader.dylib
0x000000003e79f000 	/System/Library/Frameworks/Accelerate.framework/Versions/A/Accelerate
0x000000003e79f000 	/System/Library/Frameworks/IOSurface.framework/Versions/A/IOSurface
0x000000003e79f000 	/System/Library/Frameworks/AudioToolbox.framework/Versions/A/AudioToolbox
0x000000003e79f000 	/System/Library/Frameworks/AudioUnit.framework/Versions/A/AudioUnit
0x000000003e79f000 	/System/Library/PrivateFrameworks/DataDetectorsCore.framework/Versions/A/DataDetectorsCore
0x000000003e79f000 	/System/Library/PrivateFrameworks/DesktopServicesPriv.framework/Versions/A/DesktopServicesPriv
0x000000003e79f000 	/System/Library/Frameworks/Carbon.framework/Versions/A/Frameworks/HIToolbox.framework/Versions/A/HIToolbox
0x000000003e79f000 	/usr/lib/libicucore.A.dylib
0x000000003e79f000 	/System/Library/Frameworks/QuartzCore.framework/Versions/A/QuartzCore
0x000000003e79f000 	/System/Library/Frameworks/Carbon.framework/Versions/A/Frameworks/SpeechRecognition.framework/Versions/A/SpeechRecognition
0x000000003e79f000 	/usr/lib/libauto.dylib
0x000000003e79f000 	/usr/lib/libxml2.2.dylib
0x000000003e79f000 	/System/Library/PrivateFrameworks/CoreUI.framework/Versions/A/CoreUI
0x000000003e79f000 	/System/Library/Frameworks/CoreAudio.framework/Versions/A/CoreAudio
0x000000003e79f000 	/System/Library/Frameworks/DiskArbitration.framework/Versions/A/DiskArbitration
0x000000003e79f000 	/usr/lib/liblangid.dylib
0x000000003e79f000 	/System/Library/PrivateFrameworks/MultitouchSupport.framework/Versions/A/MultitouchSupport
0x000000003e79f000 	/System/Library/Frameworks/IOKit.framework/Versions/A/IOKit
0x000000003e79f000 	/usr/lib/libDiagnosticMessagesClient.dylib
0x000000003e79f000 	/System/Library/Frameworks/CoreServices.framework/Versions/A/CoreServices
0x000000003e79f000 	/System/Library/PrivateFrameworks/PerformanceAnalysis.framework/Versions/A/PerformanceAnalysis
0x000000003e79f000 	/System/Library/PrivateFrameworks/GenerationalStorage.framework/Versions/A/GenerationalStorage
0x000000003e79f000 	/System/Library/Frameworks/OpenGL.framework/Versions/A/OpenGL
0x000000003e79f000 	/System/Library/Frameworks/CoreImage.framework/Versions/A/CoreImage
0x000000003e79f000 	/System/Library/Frameworks/CoreText.framework/Versions/A/CoreText
0x000000003e79f000 	/System/Library/Frameworks/ImageIO.framework/Versions/A/ImageIO
0x000000003e79f000 	/System/Library/PrivateFrameworks/Backup.framework/Versions/A/Backup
0x000000003e79f000 	/usr/lib/libarchive.2.dylib
0x000000003e79f000 	/System/Library/Frameworks/CFNetwork.framework/Versions/A/CFNetwork
0x000000003e79f000 	/System/Library/Frameworks/SystemConfiguration.framework/Versions/A/SystemConfiguration
0x000000003e79f000 	/usr/lib/libCRFSuite.dylib
0x000000003e79f000 	/usr/lib/libc++.1.dylib
0x000000003e79f000 	/usr/lib/libc++abi.dylib
0x000000003e79f000 	/usr/lib/system/libcache.dylib
0x000000003e79f000 	/usr/lib/system/libcommonCrypto.dylib
0x000000003e79f000 	/usr/lib/system/libcompiler_rt.dylib
0x000000003e79f000 	/usr/lib/system/libcopyfile.dylib
0x000000003e79f000 	/usr/lib/system/libcorecrypto.dylib
0x000000003e79f000 	/usr/lib/system/libdispatch.dylib
0x000000003e79f000 	/usr/lib/system/libdyld.dylib
0x000000003e79f000 	/usr/lib/system/libkeymgr.dylib
0x000000003e79f000 	/usr/lib/system/liblaunch.dylib
0x000000003e79f000 	/usr/lib/system/libmacho.dylib
0x000000003e79f000 	/usr/lib/system/libquarantine.dylib
0x000000003e79f000 	/usr/lib/system/libremovefile.dylib
0x000000003e79f000 	/usr/lib/system/libsystem_asl.dylib
0x000000003e79f000 	/usr/lib/system/libsystem_blocks.dylib
0x000000003e79f000 	/usr/lib/system/libsystem_c.dylib
0x000000003e79f000 	/usr/lib/system/libsystem_configuration.dylib
0x000000003e79f000 	/usr/lib/system/libsystem_coreservices.dylib
0x000000003e79f000 	/usr/lib/system/libsystem_coretls.dylib
0x000000003e79f000 	/usr/lib/system/libsystem_dnssd.dylib
0x000000003e79f000 	/usr/lib/system/libsystem_info.dylib
0x000000003e79f000 	/usr/lib/system/libsystem_kernel.dylib
0x000000003e79f000 	/usr/lib/system/libsystem_m.dylib
0x000000003e79f000 	/usr/lib/system/libsystem_malloc.dylib
0x000000003e79f000 	/usr/lib/system/libsystem_network.dylib
0x000000003e79f000 	/usr/lib/system/libsystem_networkextension.dylib
0x000000003e79f000 	/usr/lib/system/libsystem_notify.dylib
0x000000003e79f000 	/usr/lib/system/libsystem_platform.dylib
0x000000003e79f000 	/usr/lib/system/libsystem_pthread.dylib
0x000000003e79f000 	/usr/lib/system/libsystem_sandbox.dylib
0x000000003e79f000 	/usr/lib/system/libsystem_secinit.dylib
0x000000003e79f000 	/usr/lib/system/libsystem_symptoms.dylib
0x000000003e79f000 	/usr/lib/system/libsystem_trace.dylib
0x000000003e79f000 	/usr/lib/system/libunwind.dylib
0x000000003e79f000 	/usr/lib/system/libxpc.dylib
0x000000003e79f000 	/usr/lib/libbsm.0.dylib
0x000000003e79f000 	/usr/lib/system/libkxld.dylib
0x000000003e79f000 	/usr/lib/libcoretls.dylib
0x000000003e79f000 	/usr/lib/libcoretls_cfhelpers.dylib
0x000000003e79f000 	/usr/lib/libOpenScriptingUtil.dylib
0x000000003e79f000 	/usr/lib/libpam.2.dylib
0x000000003e79f000 	/usr/lib/libsqlite3.dylib
0x000000003e79f000 	/usr/lib/libxar.1.dylib
0x000000003e79f000 	/usr/lib/libbz2.1.0.dylib
0x000000003e79f000 	/usr/lib/liblzma.5.dylib
0x000000003e79f000 	/usr/lib/libnetwork.dylib
0x000000003e79f000 	/usr/lib/libpcap.A.dylib
0x000000003e79f000 	/System/Library/Frameworks/CoreServices.framework/Versions/A/Frameworks/FSEvents.framework/Versions/A/FSEvents
0x000000003e79f000 	/System/Library/Frameworks/CoreServices.framework/Versions/A/Frameworks/CarbonCore.framework/Versions/A/CarbonCore
0x000000003e79f000 	/System/Library/Frameworks/CoreServices.framework/Versions/A/Frameworks/Metadata.framework/Versions/A/Metadata
0x000000003e79f000 	/System/Library/Frameworks/CoreServices.framework/Versions/A/Frameworks/OSServices.framework/Versions/A/OSServices
0x000000003e79f000 	/System/Library/Frameworks/CoreServices.framework/Versions/A/Frameworks/SearchKit.framework/Versions/A/SearchKit
0x000000003e79f000 	/System/Library/Frameworks/CoreServices.framework/Versions/A/Frameworks/AE.framework/Versions/A/AE
0x000000003e79f000 	/System/Library/Frameworks/CoreServices.framework/Versions/A/Frameworks/LaunchServices.framework/Versions/A/LaunchServices
0x000000003e79f000 	/System/Library/Frameworks/CoreServices.framework/Versions/A/Frameworks/DictionaryServices.framework/Versions/A/DictionaryServices
0x000000003e79f000 	/System/Library/Frameworks/CoreServices.framework/Versions/A/Frameworks/SharedFileList.framework/Versions/A/SharedFileList
0x000000003e79f000 	/System/Library/Frameworks/NetFS.framework/Versions/A/NetFS
0x000000003e79f000 	/System/Library/PrivateFrameworks/NetAuth.framework/Versions/A/NetAuth
0x000000003e79f000 	/System/Library/PrivateFrameworks/login.framework/Versions/A/Frameworks/loginsupport.framework/Versions/A/loginsupport
0x000000003e79f000 	/System/Library/PrivateFrameworks/TCC.framework/Versions/A/TCC
0x000000003e79f000 	/usr/lib/libmecabra.dylib
0x000000003e79f000 	/System/Library/Frameworks/ApplicationServices.framework/Versions/A/Frameworks/ATS.framework/Versions/A/ATS
0x000000003e79f000 	/System/Library/Frameworks/ApplicationServices.framework/Versions/A/Frameworks/ColorSync.framework/Versions/A/ColorSync
0x000000003e79f000 	/System/Library/Frameworks/ApplicationServices.framework/Versions/A/Frameworks/HIServices.framework/Versions/A/HIServices
0x000000003e79f000 	/System/Library/Frameworks/ApplicationServices.framework/Versions/A/Frameworks/LangAnalysis.framework/Versions/A/LangAnalysis
0x000000003e79f000 	/System/Library/Frameworks/ApplicationServices.framework/Versions/A/Frameworks/PrintCore.framework/Versions/A/PrintCore
0x000000003e79f000 	/System/Library/Frameworks/ApplicationServices.framework/Versions/A/Frameworks/QD.framework/Versions/A/QD
0x000000003e79f000 	/System/Library/Frameworks/ApplicationServices.framework/Versions/A/Frameworks/SpeechSynthesis.framework/Versions/A/SpeechSynthesis
0x000000003e79f000 	/System/Library/Frameworks/Accelerate.framework/Versions/A/Frameworks/vImage.framework/Versions/A/vImage
0x000000003e79f000 	/System/Library/Frameworks/Accelerate.framework/Versions/A/Frameworks/vecLib.framework/Versions/A/vecLib
0x000000003e79f000 	/System/Library/Frameworks/Accelerate.framework/Versions/A/Frameworks/vecLib.framework/Versions/A/libvDSP.dylib
0x000000003e79f000 	/System/Library/Frameworks/Accelerate.framework/Versions/A/Frameworks/vecLib.framework/Versions/A/libBNNS.dylib
0x000000003e79f000 	/System/Library/Frameworks/Accelerate.framework/Versions/A/Frameworks/vecLib.framework/Versions/A/libQuadrature.dylib
0x000000003e79f000 	/System/Library/Frameworks/Accelerate.framework/Versions/A/Frameworks/vecLib.framework/Versions/A/libvMisc.dylib
0x000000003e79f000 	/System/Library/Frameworks/Accelerate.framework/Versions/A/Frameworks/vecLib.framework/Versions/A/libLAPACK.dylib
0x000000003e79f000 	/System/Library/Frameworks/Accelerate.framework/Versions/A/Frameworks/vecLib.framework/Versions/A/libBLAS.dylib
0x000000003e79f000 	/System/Library/Frameworks/Accelerate.framework/Versions/A/Frameworks/vecLib.framework/Versions/A/libLinearAlgebra.dylib
0x000000003e79f000 	/System/Library/Frameworks/Accelerate.framework/Versions/A/Frameworks/vecLib.framework/Versions/A/libSparseBLAS.dylib
0x000000003e79f000 	/System/Library/Frameworks/ApplicationServices.framework/Versions/A/Frameworks/ATS.framework/Versions/A/Resources/libFontParser.dylib
0x000000003e79f000 	/System/Library/Frameworks/ApplicationServices.framework/Versions/A/Frameworks/ATS.framework/Versions/A/Resources/libFontRegistry.dylib
0x000000003e79f000 	/System/Library/Frameworks/ImageIO.framework/Versions/A/Resources/libJPEG.dylib
0x000000003e79f000 	/System/Library/Frameworks/ImageIO.framework/Versions/A/Resources/libTIFF.dylib
0x000000003e79f000 	/System/Library/Frameworks/ImageIO.framework/Versions/A/Resources/libPng.dylib
0x000000003e79f000 	/System/Library/Frameworks/ImageIO.framework/Versions/A/Resources/libGIF.dylib
0x000000003e79f000 	/System/Library/Frameworks/ImageIO.framework/Versions/A/Resources/libJP2.dylib
0x000000003e79f000 	/System/Library/Frameworks/ImageIO.framework/Versions/A/Resources/libRadiance.dylib
0x000000003e79f000 	/usr/lib/libcompression.dylib
0x000000003e79f000 	/System/Library/PrivateFrameworks/AppleJPEG.framework/Versions/A/AppleJPEG
0x000000003e79f000 	/usr/lib/libcups.2.dylib
0x000000003e79f000 	/System/Library/Frameworks/Kerberos.framework/Versions/A/Kerberos
0x000000003e79f000 	/System/Library/Frameworks/GSS.framework/Versions/A/GSS
0x000000003e79f000 	/usr/lib/libresolv.9.dylib
0x000000003e79f000 	/usr/lib/libiconv.2.dylib
0x000000003e79f000 	/System/Library/PrivateFrameworks/Heimdal.framework/Versions/A/Heimdal
0x000000003e79f000 	/usr/lib/libheimdal-asn1.dylib
0x000000003e79f000 	/System/Library/Frameworks/OpenDirectory.framework/Versions/A/OpenDirectory
0x000000003e79f000 	/System/Library/PrivateFrameworks/CommonAuth.framework/Versions/A/CommonAuth
0x000000003e79f000 	/System/Library/Frameworks/OpenDirectory.framework/Versions/A/Frameworks/CFOpenDirectory.framework/Versions/A/CFOpenDirectory
0x000000003e79f000 	/System/Library/Frameworks/SecurityFoundation.framework/Versions/A/SecurityFoundation
0x000000003e79f000 	/System/Library/PrivateFrameworks/LanguageModeling.framework/Versions/A/LanguageModeling
0x000000003e79f000 	/usr/lib/libmarisa.dylib
0x000000003e79f000 	/usr/lib/libChineseTokenizer.dylib
0x000000003e79f000 	/usr/lib/libcmph.dylib
0x000000003e79f000 	/System/Library/PrivateFrameworks/CoreEmoji.framework/Versions/A/CoreEmoji
0x000000003e79f000 	/System/Library/Frameworks/ServiceManagement.framework/Versions/A/ServiceManagement
0x000000003e79f000 	/usr/lib/libxslt.1.dylib
0x000000003e79f000 	/System/Library/Frameworks/Carbon.framework/Versions/A/Frameworks/Ink.framework/Versions/A/Ink
0x000000003e79f000 	/System/Library/PrivateFrameworks/TextureIO.framework/Versions/A/TextureIO
0x000000003e79f000 	/System/Library/Frameworks/Metal.framework/Versions/A/Metal
0x000000003e79f000 	/usr/lib/libate.dylib
0x000000003e79f000 	/System/Library/PrivateFrameworks/GPUCompiler.framework/libmetal_timestamp.dylib
0x000000003e79f000 	/System/Library/Frameworks/OpenGL.framework/Versions/A/Libraries/libCoreFSCache.dylib
0x000000003e79f000 	/System/Library/PrivateFrameworks/IOAccelerator.framework/Versions/A/IOAccelerator
0x000000003e79f000 	/System/Library/Frameworks/CoreVideo.framework/Versions/A/CoreVideo
0x000000003e79f000 	/usr/lib/libFosl_dynamic.dylib
0x000000003e79f000 	/System/Library/PrivateFrameworks/MetalPerformanceShaders.framework/Versions/A/MetalPerformanceShaders
0x000000003e79f000 	/System/Library/PrivateFrameworks/FaceCore.framework/Versions/A/FaceCore
0x000000003e79f000 	/System/Library/Frameworks/OpenCL.framework/Versions/A/OpenCL
0x000000003e79f000 	/System/Library/Frameworks/OpenGL.framework/Versions/A/Libraries/libGLU.dylib
0x000000003e79f000 	/System/Library/Frameworks/OpenGL.framework/Versions/A/Libraries/libGFXShared.dylib
0x000000003e79f000 	/System/Library/Frameworks/OpenGL.framework/Versions/A/Libraries/libGL.dylib
0x000000003e79f000 	/System/Library/Frameworks/OpenGL.framework/Versions/A/Libraries/libGLImage.dylib
0x000000003e79f000 	/System/Library/Frameworks/OpenGL.framework/Versions/A/Libraries/libCVMSPluginSupport.dylib
0x000000003e79f000 	/System/Library/Frameworks/OpenGL.framework/Versions/A/Libraries/libCoreVMClient.dylib
0x000000003e79f000 	/System/Library/PrivateFrameworks/CrashReporterSupport.framework/Versions/A/CrashReporterSupport
0x000000003e79f000 	/System/Library/PrivateFrameworks/Sharing.framework/Versions/A/Sharing
0x000000003e79f000 	/System/Library/PrivateFrameworks/IconServices.framework/Versions/A/IconServices
0x000000003e79f000 	/System/Library/PrivateFrameworks/ProtocolBuffer.framework/Versions/A/ProtocolBuffer
0x000000003e79f000 	/System/Library/PrivateFrameworks/Apple80211.framework/Versions/A/Apple80211
0x000000003e79f000 	/System/Library/Frameworks/CoreWLAN.framework/Versions/A/CoreWLAN
0x000000003e79f000 	/System/Library/PrivateFrameworks/CoreUtils.framework/Versions/A/CoreUtils
0x000000003e79f000 	/System/Library/Frameworks/IOBluetooth.framework/Versions/A/IOBluetooth
0x000000003e79f000 	/System/Library/PrivateFrameworks/CoreWiFi.framework/Versions/A/CoreWiFi
0x000000003e79f000 	/System/Library/Frameworks/CoreBluetooth.framework/Versions/A/CoreBluetooth
0x000000003e79f000 	/System/Library/Frameworks/CoreDisplay.framework/Versions/A/CoreDisplay
0x000000003e79f000 	/System/Library/PrivateFrameworks/IOPresentment.framework/Versions/A/IOPresentment
0x000000003e79f000 	/System/Library/PrivateFrameworks/DSExternalDisplay.framework/Versions/A/DSExternalDisplay
0x000000003e79f000 	/System/Library/PrivateFrameworks/DebugSymbols.framework/Versions/A/DebugSymbols
0x000000003e79f000 	/System/Library/PrivateFrameworks/CoreSymbolication.framework/Versions/A/CoreSymbolication
0x000000003e79f000 	/System/Library/PrivateFrameworks/Symbolication.framework/Versions/A/Symbolication
0x000000003e79f000 	/System/Library/PrivateFrameworks/AppleFSCompression.framework/Versions/A/AppleFSCompression
0x000000003e79f000 	/System/Library/PrivateFrameworks/SpeechRecognitionCore.framework/Versions/A/SpeechRecognitionCore
0x000000003e79f000 	/System/Library/PrivateFrameworks/ChunkingLibrary.framework/Versions/A/ChunkingLibrary
0x0000000109a00000 	/Library/Java/JavaVirtualMachines/jdk1.8.0_40.jdk/Contents/Home/jre/lib/server/libjvm.dylib
0x000000003e79f000 	/usr/lib/libstdc++.6.dylib
0x00000001089db000 	/Library/Java/JavaVirtualMachines/jdk1.8.0_40.jdk/Contents/Home/jre/lib/libverify.dylib
0x000000010a969000 	/Library/Java/JavaVirtualMachines/jdk1.8.0_40.jdk/Contents/Home/jre/lib/libjava.dylib
0x000000010a99e000 	/Library/Java/JavaVirtualMachines/jdk1.8.0_40.jdk/Contents/Home/jre/lib/libjdwp.dylib
0x00000001089ea000 	/Library/Java/JavaVirtualMachines/jdk1.8.0_40.jdk/Contents/Home/jre/lib/libnpt.dylib
0x00000001089f7000 	/Library/Java/JavaVirtualMachines/jdk1.8.0_40.jdk/Contents/Home/jre/lib/libzip.dylib
0x000000010ea9f000 	/System/Library/Frameworks/JavaVM.framework/Frameworks/JavaRuntimeSupport.framework/JavaRuntimeSupport
0x000000010eab9000 	/System/Library/Frameworks/JavaVM.framework/Versions/A/Frameworks/JavaNativeFoundation.framework/Versions/A/JavaNativeFoundation
0x000000010eace000 	/System/Library/Frameworks/JavaVM.framework/Versions/A/JavaVM
0x000000003e79f000 	/System/Library/Frameworks/Carbon.framework/Versions/A/Carbon
0x000000010eadb000 	/System/Library/PrivateFrameworks/JavaLaunching.framework/Versions/A/JavaLaunching
0x000000003e79f000 	/System/Library/Frameworks/Carbon.framework/Versions/A/Frameworks/CommonPanels.framework/Versions/A/CommonPanels
0x000000003e79f000 	/System/Library/Frameworks/Carbon.framework/Versions/A/Frameworks/Help.framework/Versions/A/Help
0x000000003e79f000 	/System/Library/Frameworks/Carbon.framework/Versions/A/Frameworks/ImageCapture.framework/Versions/A/ImageCapture
0x000000003e79f000 	/System/Library/Frameworks/Carbon.framework/Versions/A/Frameworks/OpenScripting.framework/Versions/A/OpenScripting
0x000000003e79f000 	/System/Library/Frameworks/Carbon.framework/Versions/A/Frameworks/Print.framework/Versions/A/Print
0x000000003e79f000 	/System/Library/Frameworks/Carbon.framework/Versions/A/Frameworks/SecurityHI.framework/Versions/A/SecurityHI
0x00000001103ee000 	/Library/Java/JavaVirtualMachines/jdk1.8.0_40.jdk/Contents/Home/jre/lib/libdt_socket.dylib
0x00000001107ee000 	/Library/Java/JavaVirtualMachines/jdk1.8.0_40.jdk/Contents/Home/jre/lib/libnet.dylib
0x0000000110c59000 	/Library/Java/JavaVirtualMachines/jdk1.8.0_40.jdk/Contents/Home/jre/lib/libnio.dylib
0x0000000110e69000 	/Library/Java/JavaVirtualMachines/jdk1.8.0_40.jdk/Contents/Home/jre/lib/libmanagement.dylib

VM Arguments:
jvm_args: -agentlib:jdwp=transport=dt_socket,suspend=y,address=localhost:58354 -Dfile.encoding=UTF-8 -Xbootclasspath:/Library/Java/JavaVirtualMachines/jdk1.8.0_40.jdk/Contents/Home/jre/lib/resources.jar:/Library/Java/JavaVirtualMachines/jdk1.8.0_40.jdk/Contents/Home/jre/lib/rt.jar:/Library/Java/JavaVirtualMachines/jdk1.8.0_40.jdk/Contents/Home/jre/lib/jsse.jar:/Library/Java/JavaVirtualMachines/jdk1.8.0_40.jdk/Contents/Home/jre/lib/jce.jar:/Library/Java/JavaVirtualMachines/jdk1.8.0_40.jdk/Contents/Home/jre/lib/charsets.jar:/Library/Java/JavaVirtualMachines/jdk1.8.0_40.jdk/Contents/Home/jre/lib/jfr.jar:/Library/Java/JavaVirtualMachines/jdk1.8.0_40.jdk/Contents/Home/lib/tools.jar 
java_command: com.jeancoder.root.server.fk.Starter
java_class_path (initial): /Users/jackielee/Documents/new_workspace/jc_root_space/jc_parent/jc_server/target/classes:/Users/jackielee/Documents/new_workspace/jc_root_space/jc_parent/jc_container/target/classes:/Users/jackielee/.m2/repository/org/codehaus/groovy/groovy-all/2.4.13/groovy-all-2.4.13.jar:/Users/jackielee/Documents/new_workspace/jc_root_space/jc_parent/jeancoder_sdk/target/classes:/Users/jackielee/Documents/new_workspace/jc_root_space/jc_parent/jeancoder_core/target/classes:/Users/jackielee/.m2/repository/com/whalin/Memcached-Java-Client/3.0.1/Memcached-Java-Client-3.0.1.jar:/Users/jackielee/.m2/repository/commons-pool/commons-pool/1.5.6/commons-pool-1.5.6.jar:/Users/jackielee/.m2/repository/mysql/mysql-connector-java/5.1.38/mysql-connector-java-5.1.38.jar:/Users/jackielee/.m2/repository/org/thymeleaf/thymeleaf/3.0.9.RELEASE/thymeleaf-3.0.9.RELEASE.jar:/Users/jackielee/.m2/repository/ognl/ognl/3.1.12/ognl-3.1.12.jar:/Users/jackielee/.m2/repository/org/javassist/javassist/3.20.0-GA/javassist-3.20.0-GA.jar:/Users/jackielee/.m2/repository/org/attoparser/attoparser/2.0.4.RELEASE/attoparser-2.0.4.RELEASE.jar:/Users/jackielee/.m2/repository/org/unbescape/unbescape/1.1.5.RELEASE/unbescape-1.1.5.RELEASE.jar:/Users/jackielee/.m2/repository/com/fasterxml/jackson/core/jackson-databind/2.8.10/jackson-databind-2.8.10.jar:/Users/jackielee/.m2/repository/com/fasterxml/jackson/core/jackson-annotations/2.8.0/jackson-annotations-2.8.0.jar:/Users/jackielee/.m2/repository/com/fasterxml/jackson/core/jackson-core/2.8.10/jackson-core-2.8.10.jar:/Users/jackielee/.m2/repository/commons-fileupload/commons-fileupload/1.3.2/commons-fileupload-1.3.2.jar:/Users/jackielee/.m2/repository/commons-io/commons-io/2.5/commons-io-2.5.jar:/Users/jackielee/.m2/repository/commons-dbutils/commons-dbutils/1.7/commons-dbutils-1.7.jar:/Users/jackielee/Documents/dev_workspace/JC_SSC/target/classes:/Users/jackielee/.m2/repository/org/apache/axis/axis/1.4/axis-1.4.jar:/Users/jackielee/.m2/repository
Launcher Type: SUN_STANDARD

Environment Variables:
PATH=/usr/bin:/bin:/usr/sbin:/sbin
SHELL=/bin/bash

Signal Handlers:
SIGSEGV: [libjvm.dylib+0x58ef95], sa_mask[0]=11111111011111110111111111111111, sa_flags=SA_ONSTACK|SA_RESTART|SA_SIGINFO
SIGBUS: [libjvm.dylib+0x58ef95], sa_mask[0]=11111111011111110111111111111111, sa_flags=SA_RESTART|SA_SIGINFO
SIGFPE: [libjvm.dylib+0x46c118], sa_mask[0]=11111111011111110111111111111111, sa_flags=SA_RESTART|SA_SIGINFO
SIGPIPE: [libjvm.dylib+0x46c118], sa_mask[0]=11111111011111110111111111111111, sa_flags=SA_RESTART|SA_SIGINFO
SIGXFSZ: [libjvm.dylib+0x46c118], sa_mask[0]=11111111011111110111111111111111, sa_flags=SA_RESTART|SA_SIGINFO
SIGILL: [libjvm.dylib+0x46c118], sa_mask[0]=11111111011111110111111111111111, sa_flags=SA_RESTART|SA_SIGINFO
SIGUSR1: SIG_DFL, sa_mask[0]=00000000000000000000000000000000, sa_flags=none
SIGUSR2: [libjvm.dylib+0x46bc36], sa_mask[0]=00100000000000000000000000000000, sa_flags=SA_RESTART|SA_SIGINFO
SIGHUP: [libjvm.dylib+0x46a209], sa_mask[0]=11111111011111110111111111111111, sa_flags=SA_RESTART|SA_SIGINFO
SIGINT: [libjvm.dylib+0x46a209], sa_mask[0]=11111111011111110111111111111111, sa_flags=SA_RESTART|SA_SIGINFO
SIGTERM: [libjvm.dylib+0x46a209], sa_mask[0]=11111111011111110111111111111111, sa_flags=SA_RESTART|SA_SIGINFO
SIGQUIT: [libjvm.dylib+0x46a209], sa_mask[0]=11111111011111110111111111111111, sa_flags=SA_RESTART|SA_SIGINFO


---------------  S Y S T E M  ---------------

OS:Bsduname:Darwin 16.7.0 Darwin Kernel Version 16.7.0: Thu Jan 11 22:59:40 PST 2018; root:xnu-3789.73.8~1/RELEASE_X86_64 x86_64
rlimit: STACK 8192k, CORE 0k, NPROC 709, NOFILE 10240, AS infinity
load average:2.20 2.25 2.21

CPU:total 8 (4 cores per cpu, 2 threads per core) family 6 model 70 stepping 1, cmov, cx8, fxsr, mmx, sse, sse2, sse3, ssse3, sse4.1, sse4.2, popcnt, avx, avx2, aes, clmul, erms, lzcnt, ht, tsc, tscinvbit, bmi1, bmi2

Memory: 4k page, physical 16777216k(1057660k free)

/proc/meminfo:


vm_info: Java HotSpot(TM) 64-Bit Server VM (25.40-b25) for bsd-amd64 JRE (1.8.0_40-b27), built on Mar 13 2015 04:46:52 by "java_re" with gcc 4.2.1 (Based on Apple Inc. build 5658) (LLVM build 2336.11.00)

time: Wed Nov 21 09:09:37 2018
elapsed time: 424 seconds (0d 0h 7m 4s)

